D:\C++\OS\DASM\DEBUG\DASM_MAIN.OBJ
D:\C++\OS\DASM\DEBUG\DASM_GETSTR.OBJ
D:\C++\OS\DASM\DEBUG\DASM_REG.OBJ
D:\C++\OS\DASM\DEBUG\DASM_DASM.OBJ
D:\C++\OS\DASM\DEBUG\DASM_DISASSEMBLE.OBJ
D:\C++\OS\DASM\DEBUG\DASM_INSTRUCTION.OBJ
D:\C++\OS\DASM\DEBUG\VC110.PDB
D:\C++\OS\DEBUG\DASM.ILK
D:\C++\OS\DEBUG\DASM.EXE
D:\C++\OS\DEBUG\DASM.PDB
D:\C++\OS\dasm\Debug\dasm_dasm.obj
D:\C++\OS\dasm\Debug\dasm_Disassemble.obj
D:\C++\OS\dasm\Debug\dasm_GetStr.obj
D:\C++\OS\dasm\Debug\dasm_instruction.obj
D:\C++\OS\dasm\Debug\dasm_main.obj
D:\C++\OS\dasm\Debug\dasm_reg.obj
D:\C++\OS\dasm\Debug\cl.command.1.tlog
D:\C++\OS\dasm\Debug\CL.read.1.tlog
D:\C++\OS\dasm\Debug\CL.write.1.tlog
D:\C++\OS\dasm\Debug\link-cvtres.read.1.tlog
D:\C++\OS\dasm\Debug\link-cvtres.write.1.tlog
D:\C++\OS\dasm\Debug\link-rc.read.1.tlog
D:\C++\OS\dasm\Debug\link-rc.write.1.tlog
D:\C++\OS\dasm\Debug\link.command.1.tlog
D:\C++\OS\dasm\Debug\link.read.1.tlog
D:\C++\OS\dasm\Debug\link.write.1.tlog
D:\C++\OS\dasm\Debug\vc110.idb
D:\C++\OS\dasm\Debug\vc110.pdb
D:\C++\OS\Debug\dasm.pdb
D:\C++\OS\Debug\dasm.exe
D:\C++\OS\Debug\dasm.ilk
