Build started 6/18/2013 7:46:45 AM.
     1>Project "D:\C++\OS\dasm\dasm.vcxproj" on node 4 (Rebuild target(s)).
     1>ClCompile:
         D:\Software\IDE\Microsoft Visual Studio 11.0\VC\bin\CL.exe /c /ZI /nologo /W3 /WX- /Od /Oy- /D _MBCS /Gm /EHsc /RTC1 /MDd /GS /fp:precise /Zc:wchar_t /Zc:forScope /Fo"Debug\\" /Fd"Debug\vc110.pdb" /Gd /TP /analyze- /errorReport:prompt dasm_main.cpp dasm_GetStr.cpp dasm_reg.cpp TransCode\dasm\dasm_dasm.cpp TransCode\dasm\dasm_Disassemble.cpp TransCode\dasm_instruction.cpp
         dasm_instruction.cpp
     1>d:\c++\os\dasm\transcode\dasm_instruction.h(26): warning C4091: 'extern ' : ignored on left of 'instruction_table' when no variable is declared
     1>d:\c++\os\dasm\transcode\dasm_instruction.cpp(27): warning C4996: 'fopen': This function or variable may be unsafe. Consider using fopen_s instead. To disable deprecation, use _CRT_SECURE_NO_WARNINGS. See online help for details.
                 d:\software\ide\microsoft visual studio 11.0\vc\include\stdio.h(218) : see declaration of 'fopen'
     1>d:\c++\os\dasm\transcode\dasm_instruction.cpp(69): warning C4996: 'sscanf': This function or variable may be unsafe. Consider using sscanf_s instead. To disable deprecation, use _CRT_SECURE_NO_WARNINGS. See online help for details.
                 d:\software\ide\microsoft visual studio 11.0\vc\include\stdio.h(311) : see declaration of 'sscanf'
     1>d:\c++\os\dasm\transcode\dasm_instruction.cpp(70): warning C4996: 'sscanf': This function or variable may be unsafe. Consider using sscanf_s instead. To disable deprecation, use _CRT_SECURE_NO_WARNINGS. See online help for details.
                 d:\software\ide\microsoft visual studio 11.0\vc\include\stdio.h(311) : see declaration of 'sscanf'
         dasm_Disassemble.cpp
     1>d:\c++\os\dasm\transcode\dasm_instruction.h(26): warning C4091: 'extern ' : ignored on left of 'instruction_table' when no variable is declared
         dasm_dasm.cpp
     1>d:\c++\os\dasm\transcode\dasm_instruction.h(26): warning C4091: 'extern ' : ignored on left of 'instruction_table' when no variable is declared
     1>d:\c++\os\dasm\transcode\dasm\dasm_dasm.cpp(52): warning C4996: 'itoa': The POSIX name for this item is deprecated. Instead, use the ISO C++ conformant name: _itoa. See online help for details.
                 d:\software\ide\microsoft visual studio 11.0\vc\include\stdlib.h(909) : see declaration of 'itoa'
     1>d:\c++\os\dasm\transcode\dasm\dasm_dasm.cpp(54): warning C4996: 'itoa': The POSIX name for this item is deprecated. Instead, use the ISO C++ conformant name: _itoa. See online help for details.
                 d:\software\ide\microsoft visual studio 11.0\vc\include\stdlib.h(909) : see declaration of 'itoa'
     1>d:\c++\os\dasm\transcode\dasm\dasm_dasm.cpp(77): warning C4996: 'strcpy': This function or variable may be unsafe. Consider using strcpy_s instead. To disable deprecation, use _CRT_SECURE_NO_WARNINGS. See online help for details.
                 d:\software\ide\microsoft visual studio 11.0\vc\include\string.h(110) : see declaration of 'strcpy'
     1>d:\c++\os\dasm\transcode\dasm\dasm_dasm.cpp(82): warning C4996: 'strcpy': This function or variable may be unsafe. Consider using strcpy_s instead. To disable deprecation, use _CRT_SECURE_NO_WARNINGS. See online help for details.
                 d:\software\ide\microsoft visual studio 11.0\vc\include\string.h(110) : see declaration of 'strcpy'
     1>d:\c++\os\dasm\transcode\dasm\dasm_dasm.cpp(83): warning C4996: 'strcat': This function or variable may be unsafe. Consider using strcat_s instead. To disable deprecation, use _CRT_SECURE_NO_WARNINGS. See online help for details.
                 d:\software\ide\microsoft visual studio 11.0\vc\include\string.h(115) : see declaration of 'strcat'
     1>d:\c++\os\dasm\transcode\dasm\dasm_dasm.cpp(104): warning C4996: 'sprintf': This function or variable may be unsafe. Consider using sprintf_s instead. To disable deprecation, use _CRT_SECURE_NO_WARNINGS. See online help for details.
                 d:\software\ide\microsoft visual studio 11.0\vc\include\stdio.h(357) : see declaration of 'sprintf'
     1>d:\c++\os\dasm\transcode\dasm\dasm_dasm.cpp(107): warning C4996: 'sprintf': This function or variable may be unsafe. Consider using sprintf_s instead. To disable deprecation, use _CRT_SECURE_NO_WARNINGS. See online help for details.
                 d:\software\ide\microsoft visual studio 11.0\vc\include\stdio.h(357) : see declaration of 'sprintf'
     1>d:\c++\os\dasm\transcode\dasm\dasm_dasm.cpp(117): warning C4996: 'sprintf': This function or variable may be unsafe. Consider using sprintf_s instead. To disable deprecation, use _CRT_SECURE_NO_WARNINGS. See online help for details.
                 d:\software\ide\microsoft visual studio 11.0\vc\include\stdio.h(357) : see declaration of 'sprintf'
     1>d:\c++\os\dasm\transcode\dasm\dasm_dasm.cpp(122): warning C4996: 'sprintf': This function or variable may be unsafe. Consider using sprintf_s instead. To disable deprecation, use _CRT_SECURE_NO_WARNINGS. See online help for details.
                 d:\software\ide\microsoft visual studio 11.0\vc\include\stdio.h(357) : see declaration of 'sprintf'
     1>d:\c++\os\dasm\transcode\dasm\dasm_dasm.cpp(125): warning C4996: 'strcat': This function or variable may be unsafe. Consider using strcat_s instead. To disable deprecation, use _CRT_SECURE_NO_WARNINGS. See online help for details.
                 d:\software\ide\microsoft visual studio 11.0\vc\include\string.h(115) : see declaration of 'strcat'
     1>d:\c++\os\dasm\transcode\dasm\dasm_dasm.cpp(127): warning C4996: 'strcat': This function or variable may be unsafe. Consider using strcat_s instead. To disable deprecation, use _CRT_SECURE_NO_WARNINGS. See online help for details.
                 d:\software\ide\microsoft visual studio 11.0\vc\include\string.h(115) : see declaration of 'strcat'
     1>d:\c++\os\dasm\transcode\dasm\dasm_dasm.cpp(131): warning C4996: 'strcat': This function or variable may be unsafe. Consider using strcat_s instead. To disable deprecation, use _CRT_SECURE_NO_WARNINGS. See online help for details.
                 d:\software\ide\microsoft visual studio 11.0\vc\include\string.h(115) : see declaration of 'strcat'
     1>d:\c++\os\dasm\transcode\dasm\dasm_dasm.cpp(135): warning C4996: 'strcat': This function or variable may be unsafe. Consider using strcat_s instead. To disable deprecation, use _CRT_SECURE_NO_WARNINGS. See online help for details.
                 d:\software\ide\microsoft visual studio 11.0\vc\include\string.h(115) : see declaration of 'strcat'
         dasm_reg.cpp
     1>d:\c++\os\dasm\dasm_reg.cpp(120): warning C4996: 'strcpy': This function or variable may be unsafe. Consider using strcpy_s instead. To disable deprecation, use _CRT_SECURE_NO_WARNINGS. See online help for details.
                 d:\software\ide\microsoft visual studio 11.0\vc\include\string.h(110) : see declaration of 'strcpy'
     1>d:\c++\os\dasm\dasm_reg.cpp(125): warning C4996: 'strcpy': This function or variable may be unsafe. Consider using strcpy_s instead. To disable deprecation, use _CRT_SECURE_NO_WARNINGS. See online help for details.
                 d:\software\ide\microsoft visual studio 11.0\vc\include\string.h(110) : see declaration of 'strcpy'
     1>d:\c++\os\dasm\dasm_reg.cpp(134): warning C4996: 'strcpy': This function or variable may be unsafe. Consider using strcpy_s instead. To disable deprecation, use _CRT_SECURE_NO_WARNINGS. See online help for details.
                 d:\software\ide\microsoft visual studio 11.0\vc\include\string.h(110) : see declaration of 'strcpy'
     1>d:\c++\os\dasm\dasm_reg.cpp(139): warning C4996: 'strcpy': This function or variable may be unsafe. Consider using strcpy_s instead. To disable deprecation, use _CRT_SECURE_NO_WARNINGS. See online help for details.
                 d:\software\ide\microsoft visual studio 11.0\vc\include\string.h(110) : see declaration of 'strcpy'
         dasm_GetStr.cpp
         dasm_main.cpp
     1>d:\c++\os\dasm\dasm_main.cpp(13): warning C4996: 'gets': This function or variable may be unsafe. Consider using gets_s instead. To disable deprecation, use _CRT_SECURE_NO_WARNINGS. See online help for details.
                 d:\software\ide\microsoft visual studio 11.0\vc\include\stdio.h(261) : see declaration of 'gets'
     1>d:\c++\os\dasm\dasm_main.cpp(14): warning C4996: 'fopen': This function or variable may be unsafe. Consider using fopen_s instead. To disable deprecation, use _CRT_SECURE_NO_WARNINGS. See online help for details.
                 d:\software\ide\microsoft visual studio 11.0\vc\include\stdio.h(218) : see declaration of 'fopen'
     1>d:\c++\os\dasm\dasm_main.cpp(22): warning C4996: 'scanf': This function or variable may be unsafe. Consider using scanf_s instead. To disable deprecation, use _CRT_SECURE_NO_WARNINGS. See online help for details.
                 d:\software\ide\microsoft visual studio 11.0\vc\include\stdio.h(290) : see declaration of 'scanf'
         Generating Code...
       Link:
         D:\Software\IDE\Microsoft Visual Studio 11.0\VC\bin\link.exe /ERRORREPORT:PROMPT /OUT:"D:\C++\OS\Debug\dasm.exe" /INCREMENTAL /NOLOGO kernel32.lib user32.lib gdi32.lib winspool.lib comdlg32.lib advapi32.lib shell32.lib ole32.lib oleaut32.lib uuid.lib odbc32.lib odbccp32.lib /MANIFEST /MANIFESTUAC:"level='asInvoker' uiAccess='false'" /manifest:embed /DEBUG /PDB:"D:\C++\OS\Debug\dasm.pdb" /TLBID:1 /DYNAMICBASE /NXCOMPAT /IMPLIB:"D:\C++\OS\Debug\dasm.lib" /MACHINE:X86 Debug\dasm_main.obj
         Debug\dasm_GetStr.obj
         Debug\dasm_reg.obj
         Debug\dasm_dasm.obj
         Debug\dasm_Disassemble.obj
         Debug\dasm_instruction.obj
         dasm.vcxproj -> D:\C++\OS\Debug\dasm.exe
     1>Done Building Project "D:\C++\OS\dasm\dasm.vcxproj" (Rebuild target(s)).

Build succeeded.

Time Elapsed 00:00:07.79
