D:\C++\MIPSBOX\ASM\DEBUG\ASSEMBLEINIT.OBJ
D:\C++\MIPSBOX\ASM\DEBUG\GETSTR.OBJ
D:\C++\MIPSBOX\ASM\DEBUG\GENERALHASHFUNCTIONS.OBJ
D:\C++\MIPSBOX\ASM\DEBUG\HASHQUAD.OBJ
D:\C++\MIPSBOX\ASM\DEBUG\REG.OBJ
D:\C++\MIPSBOX\ASM\DEBUG\ASM.OBJ
D:\C++\MIPSBOX\ASM\DEBUG\ASM_MAIN.OBJ
D:\C++\MIPSBOX\ASM\DEBUG\ASSEMBLE.OBJ
D:\C++\MIPSBOX\ASM\DEBUG\LABEL.OBJ
D:\C++\MIPSBOX\ASM\DEBUG\PSEUDO_INSTR.OBJ
D:\C++\MIPSBOX\ASM\DEBUG\INSTRUCTION.OBJ
D:\C++\MIPSBOX\ASM\DEBUG\VC110.PDB
D:\C++\MIPSBOX\DEBUG\ASM.ILK
D:\C++\MIPSBOX\DEBUG\ASM.EXE
D:\C++\MIPSBOX\DEBUG\ASM.PDB
D:\C++\MipsBox\asm\Debug\asm.obj
D:\C++\MipsBox\asm\Debug\asm_main.obj
D:\C++\MipsBox\asm\Debug\Assemble.obj
D:\C++\MipsBox\asm\Debug\assembleInit.obj
D:\C++\MipsBox\asm\Debug\GeneralHashFunctions.obj
D:\C++\MipsBox\asm\Debug\GetStr.obj
D:\C++\MipsBox\asm\Debug\HashQuad.obj
D:\C++\MipsBox\asm\Debug\instruction.obj
D:\C++\MipsBox\asm\Debug\label.obj
D:\C++\MipsBox\asm\Debug\pseudo_instr.obj
D:\C++\MipsBox\asm\Debug\reg.obj
D:\C++\MipsBox\asm\Debug\cl.command.1.tlog
D:\C++\MipsBox\asm\Debug\CL.read.1.tlog
D:\C++\MipsBox\asm\Debug\CL.write.1.tlog
D:\C++\MipsBox\asm\Debug\link-cvtres.read.1.tlog
D:\C++\MipsBox\asm\Debug\link-cvtres.write.1.tlog
D:\C++\MipsBox\asm\Debug\link-rc.read.1.tlog
D:\C++\MipsBox\asm\Debug\link-rc.write.1.tlog
D:\C++\MipsBox\asm\Debug\link.command.1.tlog
D:\C++\MipsBox\asm\Debug\link.read.1.tlog
D:\C++\MipsBox\asm\Debug\link.write.1.tlog
D:\C++\MipsBox\asm\Debug\vc110.idb
D:\C++\MipsBox\asm\Debug\vc110.pdb
D:\C++\MipsBox\Debug\asm.pdb
D:\C++\MipsBox\Debug\asm.exe
D:\C++\MipsBox\Debug\asm.ilk
