D:\C++\MIPSBOX\OS\DEBUG\FLOATOPERATION.OBJ
D:\C++\MIPSBOX\OS\DEBUG\FSTRANS.OBJ
D:\C++\MIPSBOX\OS\DEBUG\IADDER.OBJ
D:\C++\MIPSBOX\OS\DEBUG\IMULTI.OBJ
D:\C++\MIPSBOX\OS\DEBUG\CPU_MAIN.OBJ
D:\C++\MIPSBOX\OS\DEBUG\DASM_REG.OBJ
D:\C++\MIPSBOX\OS\DEBUG\DASM_DASM.OBJ
D:\C++\MIPSBOX\OS\DEBUG\DASM_DISASSEMBLE.OBJ
D:\C++\MIPSBOX\OS\DEBUG\DISPLAY.OBJ
D:\C++\MIPSBOX\OS\DEBUG\GETSTR.OBJ
D:\C++\MIPSBOX\OS\DEBUG\MEMORY.OBJ
D:\C++\MIPSBOX\OS\DEBUG\PROCEED.OBJ
D:\C++\MIPSBOX\OS\DEBUG\REG.OBJ
D:\C++\MIPSBOX\OS\DEBUG\INSTRUCTION.OBJ
D:\C++\MIPSBOX\OS\DEBUG\VC110.PDB
D:\C++\MIPSBOX\DEBUG\MIPSBOX.ILK
D:\C++\MIPSBOX\DEBUG\MIPSBOX.EXE
D:\C++\MIPSBOX\DEBUG\MIPSBOX.PDB
D:\C++\MipsBox\OS\Debug\cpu_main.obj
D:\C++\MipsBox\OS\Debug\dasm_dasm.obj
D:\C++\MipsBox\OS\Debug\dasm_Disassemble.obj
D:\C++\MipsBox\OS\Debug\dasm_reg.obj
D:\C++\MipsBox\OS\Debug\display.obj
D:\C++\MipsBox\OS\Debug\floatOperation.obj
D:\C++\MipsBox\OS\Debug\fsTrans.obj
D:\C++\MipsBox\OS\Debug\GetStr.obj
D:\C++\MipsBox\OS\Debug\iadder.obj
D:\C++\MipsBox\OS\Debug\imulti.obj
D:\C++\MipsBox\OS\Debug\instruction.obj
D:\C++\MipsBox\OS\Debug\memory.obj
D:\C++\MipsBox\OS\Debug\proceed.obj
D:\C++\MipsBox\OS\Debug\reg.obj
D:\C++\MipsBox\OS\Debug\cl.command.1.tlog
D:\C++\MipsBox\OS\Debug\CL.read.1.tlog
D:\C++\MipsBox\OS\Debug\CL.write.1.tlog
D:\C++\MipsBox\OS\Debug\link-cvtres.read.1.tlog
D:\C++\MipsBox\OS\Debug\link-cvtres.write.1.tlog
D:\C++\MipsBox\OS\Debug\link-rc.read.1.tlog
D:\C++\MipsBox\OS\Debug\link-rc.write.1.tlog
D:\C++\MipsBox\OS\Debug\link.command.1.tlog
D:\C++\MipsBox\OS\Debug\link.read.1.tlog
D:\C++\MipsBox\OS\Debug\link.write.1.tlog
D:\C++\MipsBox\OS\Debug\vc110.idb
D:\C++\MipsBox\OS\Debug\vc110.pdb
D:\C++\MipsBox\Debug\MipsBox.pdb
D:\C++\MipsBox\Debug\MipsBox.exe
D:\C++\MipsBox\Debug\MipsBox.ilk
