D:\C++\OS\OS\DEBUG\FLOATOPERATION.OBJ
D:\C++\OS\OS\DEBUG\FSTRANS.OBJ
D:\C++\OS\OS\DEBUG\IADDER.OBJ
D:\C++\OS\OS\DEBUG\IMULTI.OBJ
D:\C++\OS\OS\DEBUG\CPU_MAIN.OBJ
D:\C++\OS\OS\DEBUG\GETSTR.OBJ
D:\C++\OS\OS\DEBUG\MEMORY.OBJ
D:\C++\OS\OS\DEBUG\PROCEED.OBJ
D:\C++\OS\OS\DEBUG\REG.OBJ
D:\C++\OS\OS\DEBUG\REG_DASM.OBJ
D:\C++\OS\OS\DEBUG\DASM.OBJ
D:\C++\OS\OS\DEBUG\INSTRUCTION.OBJ
D:\C++\OS\OS\DEBUG\VC110.PDB
D:\C++\OS\DEBUG\OS.ILK
D:\C++\OS\DEBUG\OS.EXE
D:\C++\OS\DEBUG\OS.PDB
D:\C++\OS\OS\Debug\cpu_main.obj
D:\C++\OS\OS\Debug\dasm.obj
D:\C++\OS\OS\Debug\floatOperation.obj
D:\C++\OS\OS\Debug\fsTrans.obj
D:\C++\OS\OS\Debug\GetStr.obj
D:\C++\OS\OS\Debug\iadder.obj
D:\C++\OS\OS\Debug\imulti.obj
D:\C++\OS\OS\Debug\instruction.obj
D:\C++\OS\OS\Debug\memory.obj
D:\C++\OS\OS\Debug\proceed.obj
D:\C++\OS\OS\Debug\reg.obj
D:\C++\OS\OS\Debug\reg_dasm.obj
D:\C++\OS\OS\Debug\cl.command.1.tlog
D:\C++\OS\OS\Debug\CL.read.1.tlog
D:\C++\OS\OS\Debug\CL.write.1.tlog
D:\C++\OS\OS\Debug\link-cvtres.read.1.tlog
D:\C++\OS\OS\Debug\link-cvtres.write.1.tlog
D:\C++\OS\OS\Debug\link-rc.read.1.tlog
D:\C++\OS\OS\Debug\link-rc.write.1.tlog
D:\C++\OS\OS\Debug\link.command.1.tlog
D:\C++\OS\OS\Debug\link.read.1.tlog
D:\C++\OS\OS\Debug\link.write.1.tlog
D:\C++\OS\OS\Debug\vc110.idb
D:\C++\OS\OS\Debug\vc110.pdb
D:\C++\OS\Debug\OS.pdb
D:\C++\OS\Debug\OS.exe
D:\C++\OS\Debug\OS.ilk
